-------------------------------------------------------------------------------
Test set: com.example.demo.WelcomeEmailControllerTest
-------------------------------------------------------------------------------
Tests run: 4, Failures: 3, Errors: 0, Skipped: 0, Time elapsed: 0.652 s <<< FAILURE! -- in com.example.demo.WelcomeEmailControllerTest
com.example.demo.WelcomeEmailControllerTest.sendWelcomeEmail_ShouldReturnInternalServerError_WhenMailException -- Time elapsed: 0.148 s <<< FAILURE!
java.lang.AssertionError: Status expected:<500> but was:<200>
	at org.springframework.test.util.AssertionErrors.fail(AssertionErrors.java:59)
	at org.springframework.test.util.AssertionErrors.assertEquals(AssertionErrors.java:122)
	at org.springframework.test.web.servlet.result.StatusResultMatchers.lambda$matcher$9(StatusResultMatchers.java:637)
	at org.springframework.test.web.servlet.MockMvc$1.andExpect(MockMvc.java:214)
	at com.example.demo.WelcomeEmailControllerTest.sendWelcomeEmail_ShouldReturnInternalServerError_WhenMailException(WelcomeEmailControllerTest.java:54)
	at java.base/java.lang.reflect.Method.invoke(Method.java:565)
	at java.base/java.util.ArrayList.forEach(ArrayList.java:1604)
	at java.base/java.util.ArrayList.forEach(ArrayList.java:1604)

com.example.demo.WelcomeEmailControllerTest.sendWelcomeEmail_ShouldReturnSuccess_WhenEmailSent -- Time elapsed: 0.016 s <<< FAILURE!
Argument(s) are different! Wanted:
com.example.demo.EmailService#0 bean.sendWelcomeEmail(
    com.example.demo.WelcomeEmailRequest@13908f9c
);
-> at com.example.demo.WelcomeEmailControllerTest.sendWelcomeEmail_ShouldReturnSuccess_WhenEmailSent(WelcomeEmailControllerTest.java:41)
Actual invocations have different arguments:
com.example.demo.EmailService#0 bean.sendWelcomeEmail(
    com.example.demo.WelcomeEmailRequest@329b331f
);
-> at com.example.demo.WelcomeEmailController.sendWelcomeEmail(WelcomeEmailController.java:28)

	at com.example.demo.WelcomeEmailControllerTest.sendWelcomeEmail_ShouldReturnSuccess_WhenEmailSent(WelcomeEmailControllerTest.java:41)
	at java.base/java.lang.reflect.Method.invoke(Method.java:565)
	at java.base/java.util.ArrayList.forEach(ArrayList.java:1604)
	at java.base/java.util.ArrayList.forEach(ArrayList.java:1604)

com.example.demo.WelcomeEmailControllerTest.sendWelcomeEmail_ShouldReturnBadRequest_WhenInvalidRequest -- Time elapsed: 0.004 s <<< FAILURE!
java.lang.AssertionError: Status expected:<400> but was:<200>
	at org.springframework.test.util.AssertionErrors.fail(AssertionErrors.java:59)
	at org.springframework.test.util.AssertionErrors.assertEquals(AssertionErrors.java:122)
	at org.springframework.test.web.servlet.result.StatusResultMatchers.lambda$matcher$9(StatusResultMatchers.java:637)
	at org.springframework.test.web.servlet.MockMvc$1.andExpect(MockMvc.java:214)
	at com.example.demo.WelcomeEmailControllerTest.sendWelcomeEmail_ShouldReturnBadRequest_WhenInvalidRequest(WelcomeEmailControllerTest.java:69)
	at java.base/java.lang.reflect.Method.invoke(Method.java:565)
	at java.base/java.util.ArrayList.forEach(ArrayList.java:1604)
	at java.base/java.util.ArrayList.forEach(ArrayList.java:1604)

