<?xml version="1.0" encoding="UTF-8"?>
<testsuite xmlns:xsi="http://www.w3.org/2001/XMLSchema-instance" xsi:noNamespaceSchemaLocation="https://maven.apache.org/surefire/maven-surefire-plugin/xsd/surefire-test-report-3.0.xsd" version="3.0" name="com.example.demo.WelcomeEmailControllerTest" time="0.652" tests="4" errors="0" skipped="0" failures="3">
  <properties>
[...]
</properties>
  <testcase name="sendWelcomeEmail_ShouldReturnInternalServerError_WhenMailException" classname="com.example.demo.WelcomeEmailControllerTest" time="0.148">
    <failure message="Status expected:&lt;500&gt; but was:&lt;200&gt;" type="java.lang.AssertionError"><![CDATA[java.lang.AssertionError: Status expected:<500> but was:<200>
	at org.springframework.test.util.AssertionErrors.fail(AssertionErrors.java:59)
	at org.springframework.test.util.AssertionErrors.assertEquals(AssertionErrors.java:122)
	at org.springframework.test.web.servlet.result.StatusResultMatchers.lambda$matcher$9(StatusResultMatchers.java:637)
	at org.springframework.test.web.servlet.MockMvc$1.andExpect(MockMvc.java:214)
	at com.example.demo.WelcomeEmailControllerTest.sendWelcomeEmail_ShouldReturnInternalServerError_WhenMailException(WelcomeEmailControllerTest.java:54)
	at java.base/java.lang.reflect.Method.invoke(Method.java:565)
	at java.base/java.util.ArrayList.forEach(ArrayList.java:1604)
	at java.base/java.util.ArrayList.forEach(ArrayList.java:1604)
]]></failure>
    <system-out><![CDATA[2025-10-19T17:48:32.931-05:00  INFO 22084 --- [           main] t.c.s.AnnotationConfigContextLoaderUtils : Could not detect default configuration classes for test class [com.example.demo.WelcomeEmailControllerTest]: WelcomeEmailControllerTest does not declare any static, non-private, non-final, nested classes annotated with @Configuration.
2025-10-19T17:48:32.948-05:00  INFO 22084 --- [           main] .b.t.c.SpringBootTestContextBootstrapper : Found @SpringBootConfiguration com.example.demo.DemoApplication for test class com.example.demo.WelcomeEmailControllerTest

  .   ____          _            __ _ _
 /\\ / ___'_ __ _ _(_)_ __  __ _ \ \ \ \
( ( )\___ | '_ | '_| | '_ \/ _` | \ \ \ \
 \\/  ___)| |_)| | | | | || (_| |  ) ) ) )
  '  |____| .__|_| |_|_| |_\__, | / / / /
 =========|_|==============|___/=/_/_/_/
 :: Spring Boot ::                (v3.2.0)

2025-10-19T17:48:32.976-05:00  INFO 22084 --- [           main] c.e.demo.WelcomeEmailControllerTest      : Starting WelcomeEmailControllerTest using Java 24.0.2 with PID 22084 (started by RYZEN 5 3600 in D:\Documentos\Repositories\Adoptafacil-laravel\spring-boot-mail-service)
2025-10-19T17:48:32.976-05:00  INFO 22084 --- [           main] c.e.demo.WelcomeEmailControllerTest      : No active profile set, falling back to 1 default profile: "default"
2025-10-19T17:48:33.378-05:00  INFO 22084 --- [           main] o.s.b.t.m.w.SpringBootMockServletContext : Initializing Spring TestDispatcherServlet ''
2025-10-19T17:48:33.378-05:00  INFO 22084 --- [           main] o.s.t.web.servlet.TestDispatcherServlet  : Initializing Servlet ''
2025-10-19T17:48:33.379-05:00  INFO 22084 --- [           main] o.s.t.web.servlet.TestDispatcherServlet  : Completed initialization in 1 ms
2025-10-19T17:48:33.393-05:00  INFO 22084 --- [           main] c.e.demo.WelcomeEmailControllerTest      : Started WelcomeEmailControllerTest in 0.441 seconds (process running for 2.99)

MockHttpServletRequest:
      HTTP Method = POST
      Request URI = /api/send-welcome-email
       Parameters = {}
          Headers = [Content-Type:"application/json;charset=UTF-8", Content-Length:"43"]
             Body = {"email":"user@test.com","name":"John Doe"}
    Session Attrs = {}

Handler:
             Type = com.example.demo.WelcomeEmailController
           Method = com.example.demo.WelcomeEmailController#sendWelcomeEmail(WelcomeEmailRequest)

Async:
    Async started = false
     Async result = null

Resolved Exception:
             Type = null

ModelAndView:
        View name = null
             View = null
            Model = null

FlashMap:
       Attributes = null

MockHttpServletResponse:
           Status = 200
    Error message = null
          Headers = [Content-Type:"text/plain;charset=UTF-8", Content-Length:"56"]
     Content type = text/plain;charset=UTF-8
             Body = Email de bienvenida enviado exitosamente a user@test.com
    Forwarded URL = null
   Redirected URL = null
          Cookies = []
]]></system-out>
  </testcase>
  <testcase name="sendWelcomeEmail_ShouldReturnSuccess_WhenEmailSent" classname="com.example.demo.WelcomeEmailControllerTest" time="0.016">
    <failure message="&#10;Argument(s) are different! Wanted:&#10;com.example.demo.EmailService#0 bean.sendWelcomeEmail(&#10;    com.example.demo.WelcomeEmailRequest@13908f9c&#10;);&#10;-&gt; at com.example.demo.WelcomeEmailControllerTest.sendWelcomeEmail_ShouldReturnSuccess_WhenEmailSent(WelcomeEmailControllerTest.java:41)&#10;Actual invocations have different arguments:&#10;com.example.demo.EmailService#0 bean.sendWelcomeEmail(&#10;    com.example.demo.WelcomeEmailRequest@329b331f&#10;);&#10;-&gt; at com.example.demo.WelcomeEmailController.sendWelcomeEmail(WelcomeEmailController.java:28)&#10;" type="Argument(s) are different! Wanted"><![CDATA[Argument(s) are different! Wanted:
com.example.demo.EmailService#0 bean.sendWelcomeEmail(
    com.example.demo.WelcomeEmailRequest@13908f9c
);
-> at com.example.demo.WelcomeEmailControllerTest.sendWelcomeEmail_ShouldReturnSuccess_WhenEmailSent(WelcomeEmailControllerTest.java:41)
Actual invocations have different arguments:
com.example.demo.EmailService#0 bean.sendWelcomeEmail(
    com.example.demo.WelcomeEmailRequest@329b331f
);
-> at com.example.demo.WelcomeEmailController.sendWelcomeEmail(WelcomeEmailController.java:28)

	at com.example.demo.WelcomeEmailControllerTest.sendWelcomeEmail_ShouldReturnSuccess_WhenEmailSent(WelcomeEmailControllerTest.java:41)
	at java.base/java.lang.reflect.Method.invoke(Method.java:565)
	at java.base/java.util.ArrayList.forEach(ArrayList.java:1604)
	at java.base/java.util.ArrayList.forEach(ArrayList.java:1604)
]]></failure>
    <system-out><![CDATA[
MockHttpServletRequest:
      HTTP Method = POST
      Request URI = /api/send-welcome-email
       Parameters = {}
          Headers = [Content-Type:"application/json;charset=UTF-8", Content-Length:"43"]
             Body = {"email":"user@test.com","name":"John Doe"}
    Session Attrs = {}

Handler:
             Type = com.example.demo.WelcomeEmailController
           Method = com.example.demo.WelcomeEmailController#sendWelcomeEmail(WelcomeEmailRequest)

Async:
    Async started = false
     Async result = null

Resolved Exception:
             Type = null

ModelAndView:
        View name = null
             View = null
            Model = null

FlashMap:
       Attributes = null

MockHttpServletResponse:
           Status = 200
    Error message = null
          Headers = [Content-Type:"text/plain;charset=UTF-8", Content-Length:"56"]
     Content type = text/plain;charset=UTF-8
             Body = Email de bienvenida enviado exitosamente a user@test.com
    Forwarded URL = null
   Redirected URL = null
          Cookies = []
]]></system-out>
  </testcase>
  <testcase name="sendWelcomeEmail_ShouldReturnBadRequest_WhenEmptyBody" classname="com.example.demo.WelcomeEmailControllerTest" time="0.005">
    <system-out><![CDATA[2025-10-19T17:48:33.571-05:00  WARN 22084 --- [           main] .w.s.m.s.DefaultHandlerExceptionResolver : Resolved [org.springframework.http.converter.HttpMessageNotReadableException: Required request body is missing: public org.springframework.http.ResponseEntity<java.lang.String> com.example.demo.WelcomeEmailController.sendWelcomeEmail(com.example.demo.WelcomeEmailRequest)]
]]></system-out>
  </testcase>
  <testcase name="sendWelcomeEmail_ShouldReturnBadRequest_WhenInvalidRequest" classname="com.example.demo.WelcomeEmailControllerTest" time="0.004">
    <failure message="Status expected:&lt;400&gt; but was:&lt;200&gt;" type="java.lang.AssertionError"><![CDATA[java.lang.AssertionError: Status expected:<400> but was:<200>
	at org.springframework.test.util.AssertionErrors.fail(AssertionErrors.java:59)
	at org.springframework.test.util.AssertionErrors.assertEquals(AssertionErrors.java:122)
	at org.springframework.test.web.servlet.result.StatusResultMatchers.lambda$matcher$9(StatusResultMatchers.java:637)
	at org.springframework.test.web.servlet.MockMvc$1.andExpect(MockMvc.java:214)
	at com.example.demo.WelcomeEmailControllerTest.sendWelcomeEmail_ShouldReturnBadRequest_WhenInvalidRequest(WelcomeEmailControllerTest.java:69)
	at java.base/java.lang.reflect.Method.invoke(Method.java:565)
	at java.base/java.util.ArrayList.forEach(ArrayList.java:1604)
	at java.base/java.util.ArrayList.forEach(ArrayList.java:1604)
]]></failure>
    <system-out><![CDATA[
MockHttpServletRequest:
      HTTP Method = POST
      Request URI = /api/send-welcome-email
       Parameters = {}
          Headers = [Content-Type:"application/json;charset=UTF-8", Content-Length:"38"]
             Body = {"email": "invalid-email", "name": ""}
    Session Attrs = {}

Handler:
             Type = com.example.demo.WelcomeEmailController
           Method = com.example.demo.WelcomeEmailController#sendWelcomeEmail(WelcomeEmailRequest)

Async:
    Async started = false
     Async result = null

Resolved Exception:
             Type = null

ModelAndView:
        View name = null
             View = null
            Model = null

FlashMap:
       Attributes = null

MockHttpServletResponse:
           Status = 200
    Error message = null
          Headers = [Content-Type:"text/plain;charset=UTF-8", Content-Length:"56"]
     Content type = text/plain;charset=UTF-8
             Body = Email de bienvenida enviado exitosamente a invalid-email
    Forwarded URL = null
   Redirected URL = null
          Cookies = []
]]></system-out>
  </testcase>
</testsuite>