<?xml version="1.0" encoding="UTF-8"?>
<testsuite xmlns:xsi="http://www.w3.org/2001/XMLSchema-instance" xsi:noNamespaceSchemaLocation="https://maven.apache.org/surefire/maven-surefire-plugin/xsd/surefire-test-report.xsd" version="3.0.2" name="com.example.demo.integration.EmailTemplateSystemIntegrationTest" time="0.982" tests="10" errors="0" skipped="0" failures="0">
  <properties>
[...]
</properties>
  <testcase name="findAllActive_ShouldReturnOnlyActiveTemplates" classname="com.example.demo.integration.EmailTemplateSystemIntegrationTest" time="0.028">
    <system-out><![CDATA[2025-10-25T08:08:33.258-05:00  INFO 15780 --- [           main] t.c.s.AnnotationConfigContextLoaderUtils : Could not detect default configuration classes for test class [com.example.demo.integration.EmailTemplateSystemIntegrationTest]: EmailTemplateSystemIntegrationTest does not declare any static, non-private, non-final, nested classes annotated with @Configuration.
2025-10-25T08:08:33.317-05:00  INFO 15780 --- [           main] .b.t.c.SpringBootTestContextBootstrapper : Found @SpringBootConfiguration com.example.demo.DemoApplication for test class com.example.demo.integration.EmailTemplateSystemIntegrationTest

  .   ____          _            __ _ _
 /\\ / ___'_ __ _ _(_)_ __  __ _ \ \ \ \
( ( )\___ | '_ | '_| | '_ \/ _` | \ \ \ \
 \\/  ___)| |_)| | | | | || (_| |  ) ) ) )
  '  |____| .__|_| |_|_| |_\__, | / / / /
 =========|_|==============|___/=/_/_/_/

 :: Spring Boot ::                (v3.4.0)

2025-10-25T08:08:33.386-05:00  INFO 15780 --- [           main] e.d.i.EmailTemplateSystemIntegrationTest : Starting EmailTemplateSystemIntegrationTest using Java 21.0.8 with PID 15780 (started by braya in C:\xampp\htdocs\Adoptafacil\AdoptaFacil\mail-service)
2025-10-25T08:08:33.386-05:00  INFO 15780 --- [           main] e.d.i.EmailTemplateSystemIntegrationTest : The following 1 profile is active: "test"
2025-10-25T08:08:34.067-05:00  INFO 15780 --- [           main] e.d.i.EmailTemplateSystemIntegrationTest : Started EmailTemplateSystemIntegrationTest in 0.738 seconds (process running for 19.703)
2025-10-25T08:08:34.067-05:00  INFO 15780 --- [           main] c.e.demo.seeder.EmailTemplateSeeder      : Plantilla de bienvenida creada exitosamente
2025-10-25T08:08:34.067-05:00  INFO 15780 --- [           main] c.e.demo.seeder.EmailTemplateSeeder      : Plantilla de recuperación creada exitosamente
2025-10-25T08:08:34.067-05:00  INFO 15780 --- [           main] c.e.demo.seeder.EmailTemplateSeeder      : Plantilla de notificación creada exitosamente
2025-10-25T08:08:34.067-05:00  INFO 15780 --- [           main] c.e.demo.seeder.EmailTemplateSeeder      : Seeding completado. Plantillas activas: 3 
2025-10-25T08:08:34.074-05:00  INFO 15780 --- [           main] c.e.demo.seeder.EmailTemplateSeeder      : Plantilla de bienvenida creada exitosamente
2025-10-25T08:08:34.074-05:00  INFO 15780 --- [           main] c.e.demo.seeder.EmailTemplateSeeder      : Plantilla de recuperación creada exitosamente
2025-10-25T08:08:34.074-05:00  INFO 15780 --- [           main] c.e.demo.seeder.EmailTemplateSeeder      : Plantilla de notificación creada exitosamente
2025-10-25T08:08:34.074-05:00  INFO 15780 --- [           main] c.e.demo.seeder.EmailTemplateSeeder      : Seeding completado. Plantillas activas: 3 
]]></system-out>
  </testcase>
  <testcase name="seeder_ShouldInitializeAllTemplates" classname="com.example.demo.integration.EmailTemplateSystemIntegrationTest" time="0.008">
    <system-out><![CDATA[2025-10-25T08:08:34.112-05:00  INFO 15780 --- [           main] c.e.demo.seeder.EmailTemplateSeeder      : Plantilla de bienvenida creada exitosamente
2025-10-25T08:08:34.114-05:00  INFO 15780 --- [           main] c.e.demo.seeder.EmailTemplateSeeder      : Plantilla de recuperación creada exitosamente
2025-10-25T08:08:34.114-05:00  INFO 15780 --- [           main] c.e.demo.seeder.EmailTemplateSeeder      : Plantilla de notificación creada exitosamente
2025-10-25T08:08:34.114-05:00  INFO 15780 --- [           main] c.e.demo.seeder.EmailTemplateSeeder      : Seeding completado. Plantillas activas: 3 
]]></system-out>
  </testcase>
  <testcase name="welcomeTemplate_ShouldProcessWithPlaceholders" classname="com.example.demo.integration.EmailTemplateSystemIntegrationTest" time="0.02">
    <system-out><![CDATA[2025-10-25T08:08:34.129-05:00  INFO 15780 --- [           main] c.e.demo.seeder.EmailTemplateSeeder      : Plantilla de bienvenida creada exitosamente
2025-10-25T08:08:34.129-05:00  INFO 15780 --- [           main] c.e.demo.seeder.EmailTemplateSeeder      : Plantilla de recuperación creada exitosamente
2025-10-25T08:08:34.129-05:00  INFO 15780 --- [           main] c.e.demo.seeder.EmailTemplateSeeder      : Plantilla de notificación creada exitosamente
2025-10-25T08:08:34.131-05:00  INFO 15780 --- [           main] c.e.demo.seeder.EmailTemplateSeeder      : Seeding completado. Plantillas activas: 3 
]]></system-out>
  </testcase>
  <testcase name="notificationTemplate_ShouldProcessWithCustomMessage" classname="com.example.demo.integration.EmailTemplateSystemIntegrationTest" time="0.017">
    <system-out><![CDATA[2025-10-25T08:08:34.151-05:00  INFO 15780 --- [           main] c.e.demo.seeder.EmailTemplateSeeder      : Plantilla de bienvenida creada exitosamente
2025-10-25T08:08:34.152-05:00  INFO 15780 --- [           main] c.e.demo.seeder.EmailTemplateSeeder      : Plantilla de recuperación creada exitosamente
2025-10-25T08:08:34.152-05:00  INFO 15780 --- [           main] c.e.demo.seeder.EmailTemplateSeeder      : Plantilla de notificación creada exitosamente
2025-10-25T08:08:34.154-05:00  INFO 15780 --- [           main] c.e.demo.seeder.EmailTemplateSeeder      : Seeding completado. Plantillas activas: 3 
]]></system-out>
  </testcase>
  <testcase name="templates_ShouldBeResponsive" classname="com.example.demo.integration.EmailTemplateSystemIntegrationTest" time="0.013">
    <system-out><![CDATA[2025-10-25T08:08:34.169-05:00  INFO 15780 --- [           main] c.e.demo.seeder.EmailTemplateSeeder      : Plantilla de bienvenida creada exitosamente
2025-10-25T08:08:34.169-05:00  INFO 15780 --- [           main] c.e.demo.seeder.EmailTemplateSeeder      : Plantilla de recuperación creada exitosamente
2025-10-25T08:08:34.169-05:00  INFO 15780 --- [           main] c.e.demo.seeder.EmailTemplateSeeder      : Plantilla de notificación creada exitosamente
2025-10-25T08:08:34.169-05:00  INFO 15780 --- [           main] c.e.demo.seeder.EmailTemplateSeeder      : Seeding completado. Plantillas activas: 3 
]]></system-out>
  </testcase>
  <testcase name="templates_ShouldContainValidHtml" classname="com.example.demo.integration.EmailTemplateSystemIntegrationTest" time="0.009">
    <system-out><![CDATA[2025-10-25T08:08:34.184-05:00  INFO 15780 --- [           main] c.e.demo.seeder.EmailTemplateSeeder      : Plantilla de bienvenida creada exitosamente
2025-10-25T08:08:34.184-05:00  INFO 15780 --- [           main] c.e.demo.seeder.EmailTemplateSeeder      : Plantilla de recuperación creada exitosamente
2025-10-25T08:08:34.184-05:00  INFO 15780 --- [           main] c.e.demo.seeder.EmailTemplateSeeder      : Plantilla de notificación creada exitosamente
2025-10-25T08:08:34.184-05:00  INFO 15780 --- [           main] c.e.demo.seeder.EmailTemplateSeeder      : Seeding completado. Plantillas activas: 3 
]]></system-out>
  </testcase>
  <testcase name="recoveryTemplate_ShouldProcessWithToken" classname="com.example.demo.integration.EmailTemplateSystemIntegrationTest" time="0.015">
    <system-out><![CDATA[2025-10-25T08:08:34.195-05:00  INFO 15780 --- [           main] c.e.demo.seeder.EmailTemplateSeeder      : Plantilla de bienvenida creada exitosamente
2025-10-25T08:08:34.195-05:00  INFO 15780 --- [           main] c.e.demo.seeder.EmailTemplateSeeder      : Plantilla de recuperación creada exitosamente
2025-10-25T08:08:34.195-05:00  INFO 15780 --- [           main] c.e.demo.seeder.EmailTemplateSeeder      : Plantilla de notificación creada exitosamente
2025-10-25T08:08:34.195-05:00  INFO 15780 --- [           main] c.e.demo.seeder.EmailTemplateSeeder      : Seeding completado. Plantillas activas: 3 
]]></system-out>
  </testcase>
  <testcase name="templates_ShouldContainAdoptaFacilBranding" classname="com.example.demo.integration.EmailTemplateSystemIntegrationTest" time="0.009">
    <system-out><![CDATA[2025-10-25T08:08:34.206-05:00  INFO 15780 --- [           main] c.e.demo.seeder.EmailTemplateSeeder      : Plantilla de bienvenida creada exitosamente
2025-10-25T08:08:34.208-05:00  INFO 15780 --- [           main] c.e.demo.seeder.EmailTemplateSeeder      : Plantilla de recuperación creada exitosamente
2025-10-25T08:08:34.208-05:00  INFO 15780 --- [           main] c.e.demo.seeder.EmailTemplateSeeder      : Plantilla de notificación creada exitosamente
2025-10-25T08:08:34.208-05:00  INFO 15780 --- [           main] c.e.demo.seeder.EmailTemplateSeeder      : Seeding completado. Plantillas activas: 3 
]]></system-out>
  </testcase>
  <testcase name="templateProcessing_ShouldHandleMissingPlaceholders" classname="com.example.demo.integration.EmailTemplateSystemIntegrationTest" time="0.0">
    <system-out><![CDATA[2025-10-25T08:08:34.208-05:00  INFO 15780 --- [           main] c.e.demo.seeder.EmailTemplateSeeder      : Plantilla de bienvenida creada exitosamente
2025-10-25T08:08:34.208-05:00  INFO 15780 --- [           main] c.e.demo.seeder.EmailTemplateSeeder      : Plantilla de recuperación creada exitosamente
2025-10-25T08:08:34.208-05:00  INFO 15780 --- [           main] c.e.demo.seeder.EmailTemplateSeeder      : Plantilla de notificación creada exitosamente
2025-10-25T08:08:34.208-05:00  INFO 15780 --- [           main] c.e.demo.seeder.EmailTemplateSeeder      : Seeding completado. Plantillas activas: 3 
]]></system-out>
  </testcase>
  <testcase name="templateDeactivation_ShouldWorkCorrectly" classname="com.example.demo.integration.EmailTemplateSystemIntegrationTest" time="0.026">
    <system-out><![CDATA[2025-10-25T08:08:34.229-05:00  INFO 15780 --- [           main] c.e.demo.seeder.EmailTemplateSeeder      : Plantilla de bienvenida creada exitosamente
2025-10-25T08:08:34.229-05:00  INFO 15780 --- [           main] c.e.demo.seeder.EmailTemplateSeeder      : Plantilla de recuperación creada exitosamente
2025-10-25T08:08:34.229-05:00  INFO 15780 --- [           main] c.e.demo.seeder.EmailTemplateSeeder      : Plantilla de notificación creada exitosamente
2025-10-25T08:08:34.229-05:00  INFO 15780 --- [           main] c.e.demo.seeder.EmailTemplateSeeder      : Seeding completado. Plantillas activas: 3 
]]></system-out>
  </testcase>
</testsuite>